Log file open, 02/22/20 11:24:30
LogWindows: Failed to load 'aqProf.dll' (GetLastError=126)
LogWindows: File 'aqProf.dll' does not exist
LogWindows: Failed to load 'VtuneApi.dll' (GetLastError=126)
LogWindows: File 'VtuneApi.dll' does not exist
LogWindows: Failed to load 'VtuneApi32e.dll' (GetLastError=126)
LogWindows: File 'VtuneApi32e.dll' does not exist
LogConsoleResponse: Display: Failed to find resolution value strings in scalability ini. Falling back to default.
LogInit: Display: Running engine for game: AnotherOne
LogPlatformFile: Not using cached read wrapper
LogTaskGraph: Started task graph with 5 named threads and 23 total threads with 3 sets of task threads.
LogStats: Stats thread started at 0.055673
LogD3D11RHI: Loaded GFSDK_Aftermath_Lib.x64.dll
LogICUInternationalization: ICU TimeZone Detection - Raw Offset: +1:00, Platform Override: ''
LogPluginManager: Mounting plugin Paper2D
LogPluginManager: Mounting plugin AISupport
LogPluginManager: Mounting plugin LightPropagationVolume
LogPluginManager: Mounting plugin ActorLayerUtilities
LogPluginManager: Mounting plugin AnimationSharing
LogPluginManager: Mounting plugin CLionSourceCodeAccess
LogPluginManager: Mounting plugin CodeLiteSourceCodeAccess
LogPluginManager: Mounting plugin GitSourceControl
LogPluginManager: Mounting plugin KDevelopSourceCodeAccess
LogPluginManager: Mounting plugin NullSourceCodeAccess
LogPluginManager: Mounting plugin PerforceSourceControl
LogPluginManager: Mounting plugin PlasticSourceControl
LogPluginManager: Mounting plugin SubversionSourceControl
LogPluginManager: Mounting plugin UObjectPlugin
LogPluginManager: Mounting plugin VisualStudioCodeSourceCodeAccess
LogPluginManager: Mounting plugin VisualStudioSourceCodeAccess
LogPluginManager: Mounting plugin XCodeSourceCodeAccess
LogPluginManager: Mounting plugin AssetManagerEditor
LogPluginManager: Mounting plugin CryptoKeys
LogPluginManager: Mounting plugin CurveEditorTools
LogPluginManager: Mounting plugin DataValidation
LogPluginManager: Mounting plugin FacialAnimation
LogPluginManager: Mounting plugin GameplayTagsEditor
LogPluginManager: Mounting plugin MacGraphicsSwitching
LogPluginManager: Mounting plugin MaterialAnalyzer
LogPluginManager: Mounting plugin MobileLauncherProfileWizard
LogPluginManager: Mounting plugin PluginBrowser
LogPluginManager: Mounting plugin SpeedTreeImporter
LogPluginManager: Mounting plugin DatasmithContent
LogPluginManager: Mounting plugin VariantManagerContent
LogPluginManager: Mounting plugin AlembicImporter
LogPluginManager: Mounting plugin AutomationUtils
LogPluginManager: Mounting plugin BackChannel
LogPluginManager: Mounting plugin CharacterAI
LogPluginManager: Mounting plugin GeometryCache
LogPluginManager: Mounting plugin PlatformCrypto
LogPluginManager: Mounting plugin ProxyLODPlugin
LogPluginManager: Mounting plugin SkeletalReduction
LogPluginManager: Mounting plugin MagicLeap
LogPluginManager: Mounting plugin MagicLeapMedia
LogPluginManager: Mounting plugin MLSDK
LogPluginManager: Mounting plugin AndroidMedia
LogPluginManager: Mounting plugin AvfMedia
LogPluginManager: Mounting plugin ImgMedia
LogPluginManager: Mounting plugin MediaCompositing
LogPluginManager: Mounting plugin MediaPlayerEditor
LogPluginManager: Mounting plugin WebMMedia
LogPluginManager: Mounting plugin WmfMedia
LogPluginManager: Mounting plugin TcpMessaging
LogPluginManager: Mounting plugin UdpMessaging
LogPluginManager: Mounting plugin ActorSequence
LogPluginManager: Mounting plugin LevelSequenceEditor
LogPluginManager: Mounting plugin MatineeToLevelSequence
LogPluginManager: Mounting plugin NetcodeUnitTest
LogPluginManager: Mounting plugin NUTUnrealEngine4
LogPluginManager: Mounting plugin OnlineSubsystemGooglePlay
LogPluginManager: Mounting plugin OnlineSubsystemIOS
LogPluginManager: Mounting plugin OnlineSubsystem
LogPluginManager: Mounting plugin OnlineSubsystemNull
LogPluginManager: Mounting plugin OnlineSubsystemUtils
LogPluginManager: Mounting plugin LauncherChunkInstaller
LogPluginManager: Mounting plugin AndroidDeviceProfileSelector
LogPluginManager: Mounting plugin AndroidMoviePlayer
LogPluginManager: Mounting plugin AndroidPermission
LogPluginManager: Mounting plugin AppleImageUtils
LogPluginManager: Mounting plugin AppleMoviePlayer
LogPluginManager: Mounting plugin ArchVisCharacter
LogPluginManager: Mounting plugin AssetTags
LogPluginManager: Mounting plugin AudioCapture
LogPluginManager: Mounting plugin CableComponent
LogPluginManager: Mounting plugin CustomMeshComponent
LogPluginManager: Mounting plugin EditableMesh
LogPluginManager: Mounting plugin ExampleDeviceProfileSelector
LogPluginManager: Mounting plugin GoogleCloudMessaging
LogPluginManager: Mounting plugin IOSDeviceProfileSelector
LogPluginManager: Mounting plugin LinuxDeviceProfileSelector
LogPluginManager: Mounting plugin LocationServicesBPLibrary
LogPluginManager: Mounting plugin MobilePatchingUtils
LogPluginManager: Mounting plugin OculusVR
LogPluginManager: Mounting plugin PhysXVehicles
LogPluginManager: Mounting plugin PostSplashScreen
LogPluginManager: Mounting plugin ProceduralMeshComponent
LogPluginManager: Mounting plugin RuntimePhysXCooking
LogPluginManager: Mounting plugin SignificanceManager
LogPluginManager: Mounting plugin SteamVR
LogPluginManager: Mounting plugin WebMMoviePlayer
LogPluginManager: Mounting plugin WindowsMoviePlayer
LogPluginManager: Mounting plugin ScreenshotTools
LogInit: Using libcurl 7.55.1-DEV
LogInit:  - built for x86_64-pc-win32
LogInit:  - supports SSL with OpenSSL/1.1.1
LogInit:  - supports HTTP deflate (compression) using libz 1.2.8
LogInit:  - other features:
LogInit:      CURL_VERSION_SSL
LogInit:      CURL_VERSION_LIBZ
LogInit:      CURL_VERSION_IPV6
LogInit:      CURL_VERSION_ASYNCHDNS
LogInit:      CURL_VERSION_LARGEFILE
LogInit:      CURL_VERSION_IDN
LogInit:  CurlRequestOptions (configurable via config and command line):
LogInit:  - bVerifyPeer = true  - Libcurl will verify peer certificate
LogInit:  - bUseHttpProxy = false  - Libcurl will NOT use HTTP proxy
LogInit:  - bDontReuseConnections = false  - Libcurl will reuse connections
LogInit:  - MaxHostConnections = 16  - Libcurl will limit the number of connections to a host
LogInit:  - LocalHostAddr = Default
LogInit:  - BufferSize = 65536
LogOnline: OSS: Creating online subsystem instance for: NULL
LogInit: WinSock: version 1.1 (2.2), MaxSocks=32767, MaxUdp=65467
LogOnline: OSS: TryLoadSubsystemAndSetDefault: Loaded subsystem for module [NULL]
LogInit: Build: ++UE4+Release-4.24-CL-11100242
LogInit: Engine Version: 4.24.2-11100242+++UE4+Release-4.24
LogInit: Compatible Engine Version: 4.24.0-10570792+++UE4+Release-4.24
LogInit: Net CL: 10570792
LogInit: OS: Windows 10 (Release 1903) (), CPU: Intel(R) Core(TM) i7-10510U CPU @ 1.80GHz, GPU: Intel(R) UHD Graphics
LogInit: Compiled (64-bit): Jan 24 2020 02:05:53
LogInit: Compiled with Visual C++: 19.16.27032.01
LogInit: Build Configuration: Development
LogInit: Branch Name: ++UE4+Release-4.24
LogInit: Command Line: 
LogInit: Base Directory: C:/Program Files/Epic Games/UE_4.24/Engine/Binaries/Win64/
LogInit: Installed Engine Build: 1
LogDevObjectVersion: Number of dev versions registered: 25
LogDevObjectVersion:   Dev-Blueprints (B0D832E4-1F89-4F0D-ACCF-7EB736FD4AA2): 10
LogDevObjectVersion:   Dev-Build (E1C64328-A22C-4D53-A36C-8E866417BD8C): 0
LogDevObjectVersion:   Dev-Core (375EC13C-06E4-48FB-B500-84F0262A717E): 3
LogDevObjectVersion:   Dev-Editor (E4B068ED-F494-42E9-A231-DA0B2E46BB41): 37
LogDevObjectVersion:   Dev-Framework (CFFC743F-43B0-4480-9391-14DF171D2073): 36
LogDevObjectVersion:   Dev-Mobile (B02B49B5-BB20-44E9-A304-32B752E40360): 2
LogDevObjectVersion:   Dev-Networking (A4E4105C-59A1-49B5-A7C5-40C4547EDFEE): 0
LogDevObjectVersion:   Dev-Online (39C831C9-5AE6-47DC-9A44-9C173E1C8E7C): 0
LogDevObjectVersion:   Dev-Physics (78F01B33-EBEA-4F98-B9B4-84EACCB95AA2): 2
LogDevObjectVersion:   Dev-Platform (6631380F-2D4D-43E0-8009-CF276956A95A): 0
LogDevObjectVersion:   Dev-Rendering (12F88B9F-8875-4AFC-A67C-D90C383ABD29): 36
LogDevObjectVersion:   Dev-Sequencer (7B5AE74C-D270-4C10-A958-57980B212A5A): 11
LogDevObjectVersion:   Dev-VR (D7296918-1DD6-4BDD-9DE2-64A83CC13884): 2
LogDevObjectVersion:   Dev-LoadTimes (C2A15278-BFE7-4AFE-6C17-90FF531DF755): 1
LogDevObjectVersion:   Private-Geometry (6EACA3D4-40EC-4CC1-B786-8BED09428FC5): 3
LogDevObjectVersion:   Dev-AnimPhys (29E575DD-E0A3-4627-9D10-D276232CDCEA): 17
LogDevObjectVersion:   Dev-Anim (AF43A65D-7FD3-4947-9873-3E8ED9C1BB05): 2
LogDevObjectVersion:   Dev-ReflectionCapture (6B266CEC-1EC7-4B8F-A30B-E4D90942FC07): 1
LogDevObjectVersion:   Dev-Automation (0DF73D61-A23F-47EA-B727-89E90C41499A): 1
LogDevObjectVersion:   FortniteMain (601D1886-AC64-4F84-AA16-D3DE0DEAC7D6): 31
LogDevObjectVersion:   Dev-Enterprise (9DFFBCD6-494F-0158-E221-12823C92A888): 8
LogDevObjectVersion:   Dev-Niagara (F2AED0AC-9AFE-416F-8664-AA7FFA26D6FC): 1
LogDevObjectVersion:   Dev-Destruction (174F1F0B-B4C6-45A5-B13F-2EE8D0FB917D): 9
LogDevObjectVersion:   Dev-Physics-Ext (35F94A83-E258-406C-A318-09F59610247C): 8
LogDevObjectVersion:   Dev-CineCamera (B2E18506-4273-CFC2-A54E-F4BB758BBA07): 1
LogInit: Presizing for max 25165824 objects, including 0 objects not considered by GC, pre-allocating 0 bytes for permanent pool.
LogInit: Object subsystem initialized
LogConfig: Setting CVar [[con.DebugEarlyDefault:1]]
LogConfig: Setting CVar [[r.setres:1280x720]]
[2020.02.22-10.24.31:122][  0]LogConfig: Setting CVar [[r.VSync:0]]
[2020.02.22-10.24.31:122][  0]LogConfig: Setting CVar [[r.RHICmdBypass:0]]
[2020.02.22-10.24.31:122][  0]LogConfig: Applying CVar settings from Section [/Script/Engine.RendererSettings] File [C:/Users/tarek/Documents/GitHub/AnotherOne/AnotherOne/Saved/Config/Windows/Engine.ini]
[2020.02.22-10.24.31:122][  0]LogConfig: Setting CVar [[r.GPUCrashDebugging:0]]
[2020.02.22-10.24.31:122][  0]LogConfig: Applying CVar settings from Section [/Script/Engine.RendererOverrideSettings] File [C:/Users/tarek/Documents/GitHub/AnotherOne/AnotherOne/Saved/Config/Windows/Engine.ini]
[2020.02.22-10.24.31:122][  0]LogConfig: Applying CVar settings from Section [/Script/Engine.StreamingSettings] File [C:/Users/tarek/Documents/GitHub/AnotherOne/AnotherOne/Saved/Config/Windows/Engine.ini]
[2020.02.22-10.24.31:122][  0]LogConfig: Setting CVar [[s.MinBulkDataSizeForAsyncLoading:131072]]
[2020.02.22-10.24.31:122][  0]LogConfig: Setting CVar [[s.AsyncLoadingThreadEnabled:0]]
[2020.02.22-10.24.31:122][  0]LogConfig: Setting CVar [[s.EventDrivenLoaderEnabled:1]]
[2020.02.22-10.24.31:122][  0]LogConfig: Setting CVar [[s.WarnIfTimeLimitExceeded:0]]
[2020.02.22-10.24.31:122][  0]LogConfig: Setting CVar [[s.TimeLimitExceededMultiplier:1.5]]
[2020.02.22-10.24.31:122][  0]LogConfig: Setting CVar [[s.TimeLimitExceededMinTime:0.005]]
[2020.02.22-10.24.31:122][  0]LogConfig: Setting CVar [[s.UseBackgroundLevelStreaming:1]]
[2020.02.22-10.24.31:122][  0]LogConfig: Setting CVar [[s.PriorityAsyncLoadingExtraTime:15.0]]
[2020.02.22-10.24.31:122][  0]LogConfig: Setting CVar [[s.LevelStreamingActorsUpdateTimeLimit:5.0]]
[2020.02.22-10.24.31:122][  0]LogConfig: Setting CVar [[s.PriorityLevelStreamingActorsUpdateExtraTime:5.0]]
[2020.02.22-10.24.31:122][  0]LogConfig: Setting CVar [[s.LevelStreamingComponentsRegistrationGranularity:10]]
[2020.02.22-10.24.31:122][  0]LogConfig: Setting CVar [[s.UnregisterComponentsTimeLimit:1.0]]
[2020.02.22-10.24.31:122][  0]LogConfig: Setting CVar [[s.LevelStreamingComponentsUnregistrationGranularity:5]]
[2020.02.22-10.24.31:122][  0]LogConfig: Setting CVar [[s.FlushStreamingOnExit:1]]
[2020.02.22-10.24.31:122][  0]LogConfig: Applying CVar settings from Section [/Script/Engine.GarbageCollectionSettings] File [C:/Users/tarek/Documents/GitHub/AnotherOne/AnotherOne/Saved/Config/Windows/Engine.ini]
[2020.02.22-10.24.31:122][  0]LogConfig: Setting CVar [[gc.MaxObjectsNotConsideredByGC:1]]
[2020.02.22-10.24.31:122][  0]LogConfig: Setting CVar [[gc.SizeOfPermanentObjectPool:0]]
[2020.02.22-10.24.31:122][  0]LogConfig: Setting CVar [[gc.FlushStreamingOnGC:0]]
[2020.02.22-10.24.31:122][  0]LogConfig: Setting CVar [[gc.NumRetriesBeforeForcingGC:10]]
[2020.02.22-10.24.31:122][  0]LogConfig: Setting CVar [[gc.AllowParallelGC:1]]
[2020.02.22-10.24.31:122][  0]LogConfig: Setting CVar [[gc.TimeBetweenPurgingPendingKillObjects:61.1]]
[2020.02.22-10.24.31:122][  0]LogConfig: Setting CVar [[gc.MaxObjectsInEditor:25165824]]
[2020.02.22-10.24.31:122][  0]LogConfig: Setting CVar [[gc.IncrementalBeginDestroyEnabled:1]]
[2020.02.22-10.24.31:122][  0]LogConfig: Setting CVar [[gc.CreateGCClusters:1]]
[2020.02.22-10.24.31:122][  0]LogConfig: Setting CVar [[gc.MinGCClusterSize:5]]
[2020.02.22-10.24.31:122][  0]LogConfig: Setting CVar [[gc.ActorClusteringEnabled:0]]
[2020.02.22-10.24.31:122][  0]LogConfig: Setting CVar [[gc.BlueprintClusteringEnabled:0]]
[2020.02.22-10.24.31:122][  0]LogConfig: Setting CVar [[gc.UseDisregardForGCOnDedicatedServers:0]]
[2020.02.22-10.24.31:122][  0]LogConfig: Applying CVar settings from Section [/Script/Engine.NetworkSettings] File [C:/Users/tarek/Documents/GitHub/AnotherOne/AnotherOne/Saved/Config/Windows/Engine.ini]
[2020.02.22-10.24.31:122][  0]LogConfig: Applying CVar settings from Section [/Script/UnrealEd.CookerSettings] File [C:/Users/tarek/Documents/GitHub/AnotherOne/AnotherOne/Saved/Config/Windows/Engine.ini]
[2020.02.22-10.24.31:125][  0]LogConfig: Applying CVar settings from Section [ViewDistanceQuality@3] File [C:/Users/tarek/Documents/GitHub/AnotherOne/AnotherOne/Saved/Config/Windows/Scalability.ini]
[2020.02.22-10.24.31:125][  0]LogConfig: Setting CVar [[r.SkeletalMeshLODBias:0]]
[2020.02.22-10.24.31:125][  0]LogConfig: Setting CVar [[r.ViewDistanceScale:1.0]]
[2020.02.22-10.24.31:125][  0]LogConfig: Applying CVar settings from Section [AntiAliasingQuality@3] File [C:/Users/tarek/Documents/GitHub/AnotherOne/AnotherOne/Saved/Config/Windows/Scalability.ini]
[2020.02.22-10.24.31:125][  0]LogConfig: Setting CVar [[r.PostProcessAAQuality:4]]
[2020.02.22-10.24.31:125][  0]LogConfig: Applying CVar settings from Section [ShadowQuality@3] File [C:/Users/tarek/Documents/GitHub/AnotherOne/AnotherOne/Saved/Config/Windows/Scalability.ini]
[2020.02.22-10.24.31:125][  0]LogConfig: Setting CVar [[r.LightFunctionQuality:1]]
[2020.02.22-10.24.31:125][  0]LogConfig: Setting CVar [[r.ShadowQuality:5]]
[2020.02.22-10.24.31:125][  0]LogConfig: Setting CVar [[r.Shadow.CSM.MaxCascades:10]]
[2020.02.22-10.24.31:125][  0]LogConfig: Setting CVar [[r.Shadow.MaxResolution:2048]]
[2020.02.22-10.24.31:125][  0]LogConfig: Setting CVar [[r.Shadow.MaxCSMResolution:2048]]
[2020.02.22-10.24.31:125][  0]LogConfig: Setting CVar [[r.Shadow.RadiusThreshold:0.01]]
[2020.02.22-10.24.31:125][  0]LogConfig: Setting CVar [[r.Shadow.DistanceScale:1.0]]
[2020.02.22-10.24.31:125][  0]LogConfig: Setting CVar [[r.Shadow.CSM.TransitionScale:1.0]]
[2020.02.22-10.24.31:125][  0]LogConfig: Setting CVar [[r.Shadow.PreShadowResolutionFactor:1.0]]
[2020.02.22-10.24.31:125][  0]LogConfig: Setting CVar [[r.DistanceFieldShadowing:1]]
[2020.02.22-10.24.31:125][  0]LogConfig: Setting CVar [[r.DistanceFieldAO:1]]
[2020.02.22-10.24.31:125][  0]LogConfig: Setting CVar [[r.AOQuality:2]]
[2020.02.22-10.24.31:125][  0]LogConfig: Setting CVar [[r.VolumetricFog:1]]
[2020.02.22-10.24.31:125][  0]LogConfig: Setting CVar [[r.VolumetricFog.GridPixelSize:8]]
[2020.02.22-10.24.31:125][  0]LogConfig: Setting CVar [[r.VolumetricFog.GridSizeZ:128]]
[2020.02.22-10.24.31:125][  0]LogConfig: Setting CVar [[r.VolumetricFog.HistoryMissSupersampleCount:4]]
[2020.02.22-10.24.31:125][  0]LogConfig: Setting CVar [[r.LightMaxDrawDistanceScale:1]]
[2020.02.22-10.24.31:125][  0]LogConfig: Setting CVar [[r.CapsuleShadows:1]]
[2020.02.22-10.24.31:125][  0]LogConfig: Applying CVar settings from Section [PostProcessQuality@3] File [C:/Users/tarek/Documents/GitHub/AnotherOne/AnotherOne/Saved/Config/Windows/Scalability.ini]
[2020.02.22-10.24.31:126][  0]LogConfig: Setting CVar [[r.MotionBlurQuality:4]]
[2020.02.22-10.24.31:126][  0]LogConfig: Setting CVar [[r.AmbientOcclusionMipLevelFactor:0.4]]
[2020.02.22-10.24.31:126][  0]LogConfig: Setting CVar [[r.AmbientOcclusionMaxQuality:100]]
[2020.02.22-10.24.31:126][  0]LogConfig: Setting CVar [[r.AmbientOcclusionLevels:-1]]
[2020.02.22-10.24.31:126][  0]LogConfig: Setting CVar [[r.AmbientOcclusionRadiusScale:1.0]]
[2020.02.22-10.24.31:126][  0]LogConfig: Setting CVar [[r.DepthOfFieldQuality:2]]
[2020.02.22-10.24.31:126][  0]LogConfig: Setting CVar [[r.RenderTargetPoolMin:400]]
[2020.02.22-10.24.31:126][  0]LogConfig: Setting CVar [[r.LensFlareQuality:2]]
[2020.02.22-10.24.31:126][  0]LogConfig: Setting CVar [[r.SceneColorFringeQuality:1]]
[2020.02.22-10.24.31:126][  0]LogConfig: Setting CVar [[r.EyeAdaptationQuality:2]]
[2020.02.22-10.24.31:126][  0]LogConfig: Setting CVar [[r.BloomQuality:5]]
[2020.02.22-10.24.31:126][  0]LogConfig: Setting CVar [[r.FastBlurThreshold:100]]
[2020.02.22-10.24.31:126][  0]LogConfig: Setting CVar [[r.Upscale.Quality:3]]
[2020.02.22-10.24.31:126][  0]LogConfig: Setting CVar [[r.Tonemapper.GrainQuantization:1]]
[2020.02.22-10.24.31:126][  0]LogConfig: Setting CVar [[r.LightShaftQuality:1]]
[2020.02.22-10.24.31:126][  0]LogConfig: Setting CVar [[r.Filter.SizeScale:1]]
[2020.02.22-10.24.31:126][  0]LogConfig: Setting CVar [[r.Tonemapper.Quality:5]]
[2020.02.22-10.24.31:126][  0]LogConfig: Setting CVar [[r.DOF.Gather.AccumulatorQuality:1        ; higher gathering accumulator quality]]
[2020.02.22-10.24.31:126][  0]LogConfig: Setting CVar [[r.DOF.Gather.PostfilterMethod:1          ; Median3x3 postfilering method]]
[2020.02.22-10.24.31:126][  0]LogConfig: Setting CVar [[r.DOF.Gather.EnableBokehSettings:0       ; no bokeh simulation when gathering]]
[2020.02.22-10.24.31:126][  0]LogConfig: Setting CVar [[r.DOF.Gather.RingCount:4                 ; medium number of samples when gathering]]
[2020.02.22-10.24.31:126][  0]LogConfig: Setting CVar [[r.DOF.Scatter.ForegroundCompositing:1    ; additive foreground scattering]]
[2020.02.22-10.24.31:126][  0]LogConfig: Setting CVar [[r.DOF.Scatter.BackgroundCompositing:2    ; additive background scattering]]
[2020.02.22-10.24.31:126][  0]LogConfig: Setting CVar [[r.DOF.Scatter.EnableBokehSettings:1      ; bokeh simulation when scattering]]
[2020.02.22-10.24.31:126][  0]LogConfig: Setting CVar [[r.DOF.Scatter.MaxSpriteRatio:0.1         ; only a maximum of 10% of scattered bokeh]]
[2020.02.22-10.24.31:126][  0]LogConfig: Setting CVar [[r.DOF.Recombine.Quality:1                ; cheap slight out of focus]]
[2020.02.22-10.24.31:126][  0]LogConfig: Setting CVar [[r.DOF.Recombine.EnableBokehSettings:0    ; no bokeh simulation on slight out of focus]]
[2020.02.22-10.24.31:126][  0]LogConfig: Setting CVar [[r.DOF.TemporalAAQuality:1                ; more stable temporal accumulation]]
[2020.02.22-10.24.31:126][  0]LogConfig: Setting CVar [[r.DOF.Kernel.MaxForegroundRadius:0.025]]
[2020.02.22-10.24.31:126][  0]LogConfig: Setting CVar [[r.DOF.Kernel.MaxBackgroundRadius:0.025]]
[2020.02.22-10.24.31:126][  0]LogConfig: Applying CVar settings from Section [TextureQuality@3] File [C:/Users/tarek/Documents/GitHub/AnotherOne/AnotherOne/Saved/Config/Windows/Scalability.ini]
[2020.02.22-10.24.31:126][  0]LogConfig: Setting CVar [[r.Streaming.MipBias:0]]
[2020.02.22-10.24.31:126][  0]LogConfig: Setting CVar [[r.Streaming.AmortizeCPUToGPUCopy:0]]
[2020.02.22-10.24.31:126][  0]LogConfig: Setting CVar [[r.Streaming.MaxNumTexturesToStreamPerFrame:0]]
[2020.02.22-10.24.31:126][  0]LogConfig: Setting CVar [[r.Streaming.Boost:1]]
[2020.02.22-10.24.31:126][  0]LogConfig: Setting CVar [[r.MaxAnisotropy:8]]
[2020.02.22-10.24.31:126][  0]LogConfig: Setting CVar [[r.VT.MaxAnisotropy:8]]
[2020.02.22-10.24.31:126][  0]LogConfig: Setting CVar [[r.Streaming.LimitPoolSizeToVRAM:0]]
[2020.02.22-10.24.31:126][  0]LogConfig: Setting CVar [[r.Streaming.PoolSize:1000]]
[2020.02.22-10.24.31:126][  0]LogConfig: Setting CVar [[r.Streaming.MaxEffectiveScreenSize:0]]
[2020.02.22-10.24.31:126][  0]LogConfig: Applying CVar settings from Section [EffectsQuality@3] File [C:/Users/tarek/Documents/GitHub/AnotherOne/AnotherOne/Saved/Config/Windows/Scalability.ini]
[2020.02.22-10.24.31:126][  0]LogConfig: Setting CVar [[r.TranslucencyLightingVolumeDim:64]]
[2020.02.22-10.24.31:126][  0]LogConfig: Setting CVar [[r.RefractionQuality:2]]
[2020.02.22-10.24.31:126][  0]LogConfig: Setting CVar [[r.SSR.Quality:3]]
[2020.02.22-10.24.31:126][  0]LogConfig: Setting CVar [[r.SSR.HalfResSceneColor:0]]
[2020.02.22-10.24.31:126][  0]LogConfig: Setting CVar [[r.SceneColorFormat:4]]
[2020.02.22-10.24.31:126][  0]LogConfig: Setting CVar [[r.DetailMode:2]]
[2020.02.22-10.24.31:126][  0]LogConfig: Setting CVar [[r.TranslucencyVolumeBlur:1]]
[2020.02.22-10.24.31:126][  0]LogConfig: Setting CVar [[r.MaterialQualityLevel:1 ; High quality]]
[2020.02.22-10.24.31:126][  0]LogConfig: Setting CVar [[r.SSS.Scale:1]]
[2020.02.22-10.24.31:126][  0]LogConfig: Setting CVar [[r.SSS.SampleSet:2]]
[2020.02.22-10.24.31:126][  0]LogConfig: Setting CVar [[r.SSS.Quality:1]]
[2020.02.22-10.24.31:126][  0]LogConfig: Setting CVar [[r.SSS.HalfRes:1]]
[2020.02.22-10.24.31:126][  0]LogConfig: Setting CVar [[r.SSGI.Quality:3]]
[2020.02.22-10.24.31:126][  0]LogConfig: Setting CVar [[r.EmitterSpawnRateScale:1.0]]
[2020.02.22-10.24.31:126][  0]LogConfig: Setting CVar [[r.ParticleLightQuality:2]]
[2020.02.22-10.24.31:126][  0]LogConfig: Setting CVar [[r.SkyAtmosphere.AerialPerspectiveLUT.FastApplyOnOpaque:1 ; Always have FastSkyLUT 1 in this case to avoid wrong sky]]
[2020.02.22-10.24.31:126][  0]LogConfig: Setting CVar [[r.SkyAtmosphere.AerialPerspectiveLUT.SampleCountPerSlice:1]]
[2020.02.22-10.24.31:126][  0]LogConfig: Setting CVar [[r.SkyAtmosphere.AerialPerspectiveLUT.DepthResolution:16.0]]
[2020.02.22-10.24.31:126][  0]LogConfig: Setting CVar [[r.SkyAtmosphere.FastSkyLUT:1]]
[2020.02.22-10.24.31:126][  0]LogConfig: Setting CVar [[r.SkyAtmosphere.FastSkyLUT.SampleCountMin:4.0]]
[2020.02.22-10.24.31:126][  0]LogConfig: Setting CVar [[r.SkyAtmosphere.FastSkyLUT.SampleCountMax:32.0]]
[2020.02.22-10.24.31:126][  0]LogConfig: Setting CVar [[r.SkyAtmosphere.SampleCountMin:4.0]]
[2020.02.22-10.24.31:126][  0]LogConfig: Setting CVar [[r.SkyAtmosphere.SampleCountMax:32.0]]
[2020.02.22-10.24.31:126][  0]LogConfig: Setting CVar [[r.SkyAtmosphere.TransmittanceLUT.UseSmallFormat:0]]
[2020.02.22-10.24.31:126][  0]LogConfig: Setting CVar [[r.SkyAtmosphere.TransmittanceLUT.SampleCount:10.0]]
[2020.02.22-10.24.31:126][  0]LogConfig: Setting CVar [[r.SkyAtmosphere.MultiScatteringLUT.SampleCount:15.0]]
[2020.02.22-10.24.31:126][  0]LogConfig: Applying CVar settings from Section [FoliageQuality@3] File [C:/Users/tarek/Documents/GitHub/AnotherOne/AnotherOne/Saved/Config/Windows/Scalability.ini]
[2020.02.22-10.24.31:126][  0]LogConfig: Setting CVar [[foliage.DensityScale:1.0]]
[2020.02.22-10.24.31:126][  0]LogConfig: Setting CVar [[grass.DensityScale:1.0]]
[2020.02.22-10.24.31:126][  0]LogConfig: Applying CVar settings from Section [ShadingQuality@3] File [C:/Users/tarek/Documents/GitHub/AnotherOne/AnotherOne/Saved/Config/Windows/Scalability.ini]
[2020.02.22-10.24.31:126][  0]LogConfig: Setting CVar [[r.HairStrands.SkyLighting.SampleCount:16]]
[2020.02.22-10.24.31:126][  0]LogConfig: Setting CVar [[r.HairStrands.SkyLighting.JitterIntegration:0]]
[2020.02.22-10.24.31:126][  0]LogConfig: Setting CVar [[r.HairStrands.SkyAO.SampleCount:16]]
[2020.02.22-10.24.31:126][  0]LogInit: Selected Device Profile: [Windows]
[2020.02.22-10.24.31:126][  0]LogInit: Applying CVar settings loaded from the selected device profile: [Windows]
[2020.02.22-10.24.31:128][  0]LogHAL: Display: Platform has ~ 16 GB [17007673344 / 17179869184 / 16], which maps to Larger [LargestMinGB=32, LargerMinGB=12, DefaultMinGB=8, SmallerMinGB=6, SmallestMinGB=0)
[2020.02.22-10.24.31:128][  0]LogInit: Going up to parent DeviceProfile []
[2020.02.22-10.24.31:128][  0]LogConfig: Applying CVar settings from Section [ViewDistanceQuality@3] File [C:/Users/tarek/Documents/GitHub/AnotherOne/AnotherOne/Saved/Config/Windows/Scalability.ini]
[2020.02.22-10.24.31:128][  0]LogConfig: Setting CVar [[r.SkeletalMeshLODBias:0]]
[2020.02.22-10.24.31:128][  0]LogConfig: Setting CVar [[r.ViewDistanceScale:1.0]]
[2020.02.22-10.24.31:128][  0]LogConfig: Applying CVar settings from Section [AntiAliasingQuality@3] File [C:/Users/tarek/Documents/GitHub/AnotherOne/AnotherOne/Saved/Config/Windows/Scalability.ini]
[2020.02.22-10.24.31:129][  0]LogConfig: Setting CVar [[r.PostProcessAAQuality:4]]
[2020.02.22-10.24.31:129][  0]LogConfig: Applying CVar settings from Section [ShadowQuality@3] File [C:/Users/tarek/Documents/GitHub/AnotherOne/AnotherOne/Saved/Config/Windows/Scalability.ini]
[2020.02.22-10.24.31:129][  0]LogConfig: Setting CVar [[r.LightFunctionQuality:1]]
[2020.02.22-10.24.31:129][  0]LogConfig: Setting CVar [[r.ShadowQuality:5]]
[2020.02.22-10.24.31:129][  0]LogConfig: Setting CVar [[r.Shadow.CSM.MaxCascades:10]]
[2020.02.22-10.24.31:129][  0]LogConfig: Setting CVar [[r.Shadow.MaxResolution:2048]]
[2020.02.22-10.24.31:129][  0]LogConfig: Setting CVar [[r.Shadow.MaxCSMResolution:2048]]
[2020.02.22-10.24.31:129][  0]LogConfig: Setting CVar [[r.Shadow.RadiusThreshold:0.01]]
[2020.02.22-10.24.31:129][  0]LogConfig: Setting CVar [[r.Shadow.DistanceScale:1.0]]
[2020.02.22-10.24.31:129][  0]LogConfig: Setting CVar [[r.Shadow.CSM.TransitionScale:1.0]]
[2020.02.22-10.24.31:129][  0]LogConfig: Setting CVar [[r.Shadow.PreShadowResolutionFactor:1.0]]
[2020.02.22-10.24.31:129][  0]LogConfig: Setting CVar [[r.DistanceFieldShadowing:1]]
[2020.02.22-10.24.31:129][  0]LogConfig: Setting CVar [[r.DistanceFieldAO:1]]
[2020.02.22-10.24.31:129][  0]LogConfig: Setting CVar [[r.AOQuality:2]]
[2020.02.22-10.24.31:129][  0]LogConfig: Setting CVar [[r.VolumetricFog:1]]
[2020.02.22-10.24.31:129][  0]LogConfig: Setting CVar [[r.VolumetricFog.GridPixelSize:8]]
[2020.02.22-10.24.31:129][  0]LogConfig: Setting CVar [[r.VolumetricFog.GridSizeZ:128]]
[2020.02.22-10.24.31:129][  0]LogConfig: Setting CVar [[r.VolumetricFog.HistoryMissSupersampleCount:4]]
[2020.02.22-10.24.31:129][  0]LogConfig: Setting CVar [[r.LightMaxDrawDistanceScale:1]]
[2020.02.22-10.24.31:129][  0]LogConfig: Setting CVar [[r.CapsuleShadows:1]]
[2020.02.22-10.24.31:129][  0]LogConfig: Applying CVar settings from Section [PostProcessQuality@3] File [C:/Users/tarek/Documents/GitHub/AnotherOne/AnotherOne/Saved/Config/Windows/Scalability.ini]
[2020.02.22-10.24.31:129][  0]LogConfig: Setting CVar [[r.MotionBlurQuality:4]]
[2020.02.22-10.24.31:129][  0]LogConfig: Setting CVar [[r.AmbientOcclusionMipLevelFactor:0.4]]
[2020.02.22-10.24.31:129][  0]LogConfig: Setting CVar [[r.AmbientOcclusionMaxQuality:100]]
[2020.02.22-10.24.31:129][  0]LogConfig: Setting CVar [[r.AmbientOcclusionLevels:-1]]
[2020.02.22-10.24.31:129][  0]LogConfig: Setting CVar [[r.AmbientOcclusionRadiusScale:1.0]]
[2020.02.22-10.24.31:129][  0]LogConfig: Setting CVar [[r.DepthOfFieldQuality:2]]
[2020.02.22-10.24.31:129][  0]LogConfig: Setting CVar [[r.RenderTargetPoolMin:400]]
[2020.02.22-10.24.31:129][  0]LogConfig: Setting CVar [[r.LensFlareQuality:2]]
[2020.02.22-10.24.31:129][  0]LogConfig: Setting CVar [[r.SceneColorFringeQuality:1]]
[2020.02.22-10.24.31:129][  0]LogConfig: Setting CVar [[r.EyeAdaptationQuality:2]]
[2020.02.22-10.24.31:129][  0]LogConfig: Setting CVar [[r.BloomQuality:5]]
[2020.02.22-10.24.31:129][  0]LogConfig: Setting CVar [[r.FastBlurThreshold:100]]
[2020.02.22-10.24.31:129][  0]LogConfig: Setting CVar [[r.Upscale.Quality:3]]
[2020.02.22-10.24.31:129][  0]LogConfig: Setting CVar [[r.Tonemapper.GrainQuantization:1]]
[2020.02.22-10.24.31:129][  0]LogConfig: Setting CVar [[r.LightShaftQuality:1]]
[2020.02.22-10.24.31:129][  0]LogConfig: Setting CVar [[r.Filter.SizeScale:1]]
[2020.02.22-10.24.31:129][  0]LogConfig: Setting CVar [[r.Tonemapper.Quality:5]]
[2020.02.22-10.24.31:129][  0]LogConfig: Setting CVar [[r.DOF.Gather.AccumulatorQuality:1        ; higher gathering accumulator quality]]
[2020.02.22-10.24.31:129][  0]LogConfig: Setting CVar [[r.DOF.Gather.PostfilterMethod:1          ; Median3x3 postfilering method]]
[2020.02.22-10.24.31:129][  0]LogConfig: Setting CVar [[r.DOF.Gather.EnableBokehSettings:0       ; no bokeh simulation when gathering]]
[2020.02.22-10.24.31:129][  0]LogConfig: Setting CVar [[r.DOF.Gather.RingCount:4                 ; medium number of samples when gathering]]
[2020.02.22-10.24.31:129][  0]LogConfig: Setting CVar [[r.DOF.Scatter.ForegroundCompositing:1    ; additive foreground scattering]]
[2020.02.22-10.24.31:129][  0]LogConfig: Setting CVar [[r.DOF.Scatter.BackgroundCompositing:2    ; additive background scattering]]
[2020.02.22-10.24.31:129][  0]LogConfig: Setting CVar [[r.DOF.Scatter.EnableBokehSettings:1      ; bokeh simulation when scattering]]
[2020.02.22-10.24.31:129][  0]LogConfig: Setting CVar [[r.DOF.Scatter.MaxSpriteRatio:0.1         ; only a maximum of 10% of scattered bokeh]]
[2020.02.22-10.24.31:129][  0]LogConfig: Setting CVar [[r.DOF.Recombine.Quality:1                ; cheap slight out of focus]]
[2020.02.22-10.24.31:129][  0]LogConfig: Setting CVar [[r.DOF.Recombine.EnableBokehSettings:0    ; no bokeh simulation on slight out of focus]]
[2020.02.22-10.24.31:129][  0]LogConfig: Setting CVar [[r.DOF.TemporalAAQuality:1                ; more stable temporal accumulation]]
[2020.02.22-10.24.31:129][  0]LogConfig: Setting CVar [[r.DOF.Kernel.MaxForegroundRadius:0.025]]
[2020.02.22-10.24.31:129][  0]LogConfig: Setting CVar [[r.DOF.Kernel.MaxBackgroundRadius:0.025]]
[2020.02.22-10.24.31:129][  0]LogConfig: Applying CVar settings from Section [TextureQuality@3] File [C:/Users/tarek/Documents/GitHub/AnotherOne/AnotherOne/Saved/Config/Windows/Scalability.ini]
[2020.02.22-10.24.31:129][  0]LogConfig: Setting CVar [[r.Streaming.MipBias:0]]
[2020.02.22-10.24.31:129][  0]LogConfig: Setting CVar [[r.Streaming.AmortizeCPUToGPUCopy:0]]
[2020.02.22-10.24.31:129][  0]LogConfig: Setting CVar [[r.Streaming.MaxNumTexturesToStreamPerFrame:0]]
[2020.02.22-10.24.31:129][  0]LogConfig: Setting CVar [[r.Streaming.Boost:1]]
[2020.02.22-10.24.31:129][  0]LogConfig: Setting CVar [[r.MaxAnisotropy:8]]
[2020.02.22-10.24.31:129][  0]LogConfig: Setting CVar [[r.VT.MaxAnisotropy:8]]
[2020.02.22-10.24.31:129][  0]LogConfig: Setting CVar [[r.Streaming.LimitPoolSizeToVRAM:0]]
[2020.02.22-10.24.31:129][  0]LogConfig: Setting CVar [[r.Streaming.PoolSize:1000]]
[2020.02.22-10.24.31:129][  0]LogConfig: Setting CVar [[r.Streaming.MaxEffectiveScreenSize:0]]
[2020.02.22-10.24.31:129][  0]LogConfig: Applying CVar settings from Section [EffectsQuality@3] File [C:/Users/tarek/Documents/GitHub/AnotherOne/AnotherOne/Saved/Config/Windows/Scalability.ini]
[2020.02.22-10.24.31:129][  0]LogConfig: Setting CVar [[r.TranslucencyLightingVolumeDim:64]]
[2020.02.22-10.24.31:129][  0]LogConfig: Setting CVar [[r.RefractionQuality:2]]
[2020.02.22-10.24.31:129][  0]LogConfig: Setting CVar [[r.SSR.Quality:3]]
[2020.02.22-10.24.31:129][  0]LogConfig: Setting CVar [[r.SSR.HalfResSceneColor:0]]
[2020.02.22-10.24.31:129][  0]LogConfig: Setting CVar [[r.SceneColorFormat:4]]
[2020.02.22-10.24.31:129][  0]LogConfig: Setting CVar [[r.DetailMode:2]]
[2020.02.22-10.24.31:129][  0]LogConfig: Setting CVar [[r.TranslucencyVolumeBlur:1]]
[2020.02.22-10.24.31:129][  0]LogConfig: Setting CVar [[r.MaterialQualityLevel:1 ; High quality]]
[2020.02.22-10.24.31:129][  0]LogConfig: Setting CVar [[r.SSS.Scale:1]]
[2020.02.22-10.24.31:129][  0]LogConfig: Setting CVar [[r.SSS.SampleSet:2]]
[2020.02.22-10.24.31:129][  0]LogConfig: Setting CVar [[r.SSS.Quality:1]]
[2020.02.22-10.24.31:129][  0]LogConfig: Setting CVar [[r.SSS.HalfRes:1]]
[2020.02.22-10.24.31:129][  0]LogConfig: Setting CVar [[r.SSGI.Quality:3]]
[2020.02.22-10.24.31:129][  0]LogConfig: Setting CVar [[r.EmitterSpawnRateScale:1.0]]
[2020.02.22-10.24.31:129][  0]LogConfig: Setting CVar [[r.ParticleLightQuality:2]]
[2020.02.22-10.24.31:129][  0]LogConfig: Setting CVar [[r.SkyAtmosphere.AerialPerspectiveLUT.FastApplyOnOpaque:1 ; Always have FastSkyLUT 1 in this case to avoid wrong sky]]
[2020.02.22-10.24.31:129][  0]LogConfig: Setting CVar [[r.SkyAtmosphere.AerialPerspectiveLUT.SampleCountPerSlice:1]]
[2020.02.22-10.24.31:129][  0]LogConfig: Setting CVar [[r.SkyAtmosphere.AerialPerspectiveLUT.DepthResolution:16.0]]
[2020.02.22-10.24.31:129][  0]LogConfig: Setting CVar [[r.SkyAtmosphere.FastSkyLUT:1]]
[2020.02.22-10.24.31:129][  0]LogConfig: Setting CVar [[r.SkyAtmosphere.FastSkyLUT.SampleCountMin:4.0]]
[2020.02.22-10.24.31:129][  0]LogConfig: Setting CVar [[r.SkyAtmosphere.FastSkyLUT.SampleCountMax:32.0]]
[2020.02.22-10.24.31:129][  0]LogConfig: Setting CVar [[r.SkyAtmosphere.SampleCountMin:4.0]]
[2020.02.22-10.24.31:129][  0]LogConfig: Setting CVar [[r.SkyAtmosphere.SampleCountMax:32.0]]
[2020.02.22-10.24.31:129][  0]LogConfig: Setting CVar [[r.SkyAtmosphere.TransmittanceLUT.UseSmallFormat:0]]
[2020.02.22-10.24.31:129][  0]LogConfig: Setting CVar [[r.SkyAtmosphere.TransmittanceLUT.SampleCount:10.0]]
[2020.02.22-10.24.31:130][  0]LogConfig: Setting CVar [[r.SkyAtmosphere.MultiScatteringLUT.SampleCount:15.0]]
[2020.02.22-10.24.31:130][  0]LogConfig: Applying CVar settings from Section [FoliageQuality@3] File [C:/Users/tarek/Documents/GitHub/AnotherOne/AnotherOne/Saved/Config/Windows/Scalability.ini]
[2020.02.22-10.24.31:130][  0]LogConfig: Setting CVar [[foliage.DensityScale:1.0]]
[2020.02.22-10.24.31:130][  0]LogConfig: Setting CVar [[grass.DensityScale:1.0]]
[2020.02.22-10.24.31:130][  0]LogConfig: Applying CVar settings from Section [ShadingQuality@3] File [C:/Users/tarek/Documents/GitHub/AnotherOne/AnotherOne/Saved/Config/Windows/Scalability.ini]
[2020.02.22-10.24.31:130][  0]LogConfig: Setting CVar [[r.HairStrands.SkyLighting.SampleCount:16]]
[2020.02.22-10.24.31:130][  0]LogConfig: Setting CVar [[r.HairStrands.SkyLighting.JitterIntegration:0]]
[2020.02.22-10.24.31:130][  0]LogConfig: Setting CVar [[r.HairStrands.SkyAO.SampleCount:16]]
[2020.02.22-10.24.31:130][  0]LogConfig: Applying CVar settings from Section [Startup] File [../../../Engine/Config/ConsoleVariables.ini]
[2020.02.22-10.24.31:130][  0]LogConfig: Setting CVar [[net.UseAdaptiveNetUpdateFrequency:0]]
[2020.02.22-10.24.31:130][  0]LogConfig: Setting CVar [[p.chaos.AllowCreatePhysxBodies:1]]
[2020.02.22-10.24.31:130][  0]LogConfig: Applying CVar settings from Section [ConsoleVariables] File [C:/Users/tarek/Documents/GitHub/AnotherOne/AnotherOne/Saved/Config/Windows/Engine.ini]
[2020.02.22-10.24.31:130][  0]LogInit: Computer: MSI
[2020.02.22-10.24.31:130][  0]LogInit: User: tarek
[2020.02.22-10.24.31:130][  0]LogInit: CPU Page size=4096, Cores=4
[2020.02.22-10.24.31:130][  0]LogInit: High frequency timer resolution =10.000000 MHz
[2020.02.22-10.24.31:130][  0]LogMemory: Memory total: Physical=15.8GB (16GB approx)
[2020.02.22-10.24.31:130][  0]LogMemory: Platform Memory Stats for Windows
[2020.02.22-10.24.31:131][  0]LogMemory: Process Physical Memory: 104.10 MB used, 104.10 MB peak
[2020.02.22-10.24.31:131][  0]LogMemory: Process Virtual Memory: 100.66 MB used, 100.66 MB peak
[2020.02.22-10.24.31:131][  0]LogMemory: Physical Memory: 6224.77 MB used,  9995.01 MB free, 16219.78 MB total
[2020.02.22-10.24.31:131][  0]LogMemory: Virtual Memory: 5137.50 MB used,  134212592.00 MB free, 134217728.00 MB total
[2020.02.22-10.24.31:255][  0]LogWindows: WindowsPlatformFeatures enabled
[2020.02.22-10.24.31:271][  0]LogInit: Using OS detected language (fr-FR).
[2020.02.22-10.24.31:271][  0]LogInit: Using OS detected locale (fr-FR).
[2020.02.22-10.24.31:271][  0]LogTextLocalizationManager: No specific localization for 'fr-FR' exists, so the 'fr' localization will be used.
[2020.02.22-10.24.31:271][  0]LogTextLocalizationResource: LocRes '../../../Engine/Content/Localization/Editor/fr/Editor.locres' could not be opened for reading!
[2020.02.22-10.24.31:271][  0]LogTextLocalizationResource: LocRes '../../../Engine/Content/Localization/EditorTutorials/fr/EditorTutorials.locres' could not be opened for reading!
[2020.02.22-10.24.31:271][  0]LogTextLocalizationResource: LocRes '../../../Engine/Content/Localization/Keywords/fr/Keywords.locres' could not be opened for reading!
[2020.02.22-10.24.31:272][  0]LogTextLocalizationResource: LocRes '../../../Engine/Content/Localization/Category/fr/Category.locres' could not be opened for reading!
[2020.02.22-10.24.31:272][  0]LogTextLocalizationResource: LocRes '../../../Engine/Content/Localization/ToolTips/fr/ToolTips.locres' could not be opened for reading!
[2020.02.22-10.24.31:272][  0]LogTextLocalizationResource: LocRes '../../../Engine/Content/Localization/PropertyNames/fr/PropertyNames.locres' could not be opened for reading!
[2020.02.22-10.24.31:272][  0]LogTextLocalizationResource: LocRes '../../../Engine/Content/Localization/Engine/fr/Engine.locres' could not be opened for reading!
[2020.02.22-10.24.31:272][  0]LogInit: Setting process to per monitor DPI aware
[2020.02.22-10.24.31:299][  0]LogSlate: New Slate User Created.  User Index 0, Is Virtual User: 0
[2020.02.22-10.24.31:299][  0]LogSlate: Slate User Registered.  User Index 0, Is Virtual User: 0
[2020.02.22-10.24.31:411][  0]LogHMD: Failed to initialize OpenVR with code 110
[2020.02.22-10.24.31:411][  0]LogD3D11RHI: D3D11 min allowed feature level: 11_0
[2020.02.22-10.24.31:411][  0]LogD3D11RHI: D3D11 max allowed feature level: 11_0
[2020.02.22-10.24.31:411][  0]LogD3D11RHI: D3D11 adapters:
[2020.02.22-10.24.32:402][  0]LogD3D11RHI:    0. 'NVIDIA GeForce MX250' (Feature Level 11_0)
[2020.02.22-10.24.32:402][  0]LogD3D11RHI:       1983/0/8109 MB DedicatedVideo/DedicatedSystem/SharedSystem, Outputs:1, VendorId:0x10de
[2020.02.22-10.24.32:415][  0]LogD3D11RHI:    1. 'Intel(R) UHD Graphics' (Feature Level 11_0)
[2020.02.22-10.24.32:415][  0]LogD3D11RHI:       128/0/8109 MB DedicatedVideo/DedicatedSystem/SharedSystem, Outputs:0, VendorId:0x8086
[2020.02.22-10.24.32:417][  0]LogD3D11RHI:    2. 'Microsoft Basic Render Driver' (Feature Level 11_0)
[2020.02.22-10.24.32:417][  0]LogD3D11RHI:       0/0/8109 MB DedicatedVideo/DedicatedSystem/SharedSystem, Outputs:0, VendorId:0x1414
[2020.02.22-10.24.32:417][  0]LogD3D11RHI: Chosen D3D11 Adapter: 0
[2020.02.22-10.24.32:429][  0]LogD3D11RHI: Creating new Direct3DDevice
[2020.02.22-10.24.32:429][  0]LogD3D11RHI:     GPU DeviceId: 0x1d13 (for the marketing name, search the web for "GPU Device Id")
[2020.02.22-10.24.32:429][  0]LogWindows: EnumDisplayDevices:
[2020.02.22-10.24.32:430][  0]LogWindows:    0. 'Intel(R) UHD Graphics' (P:1 D:1)
[2020.02.22-10.24.32:430][  0]LogWindows:    1. 'Intel(R) UHD Graphics' (P:0 D:0)
[2020.02.22-10.24.32:430][  0]LogWindows:    2. 'Intel(R) UHD Graphics' (P:0 D:0)
[2020.02.22-10.24.32:430][  0]LogWindows: DebugString: PrimaryIsNotTheChoosenAdapter PrimaryIsNotTheChoosenAdapter PrimaryIsNotTheChoosenAdapter FoundDriverCount:0 
[2020.02.22-10.24.32:430][  0]LogD3D11RHI:     Adapter Name: NVIDIA GeForce MX250
[2020.02.22-10.24.32:430][  0]LogD3D11RHI:   Driver Version: Unknown (internal:Unknown, unified:Unknown)
[2020.02.22-10.24.32:430][  0]LogD3D11RHI:      Driver Date: Unknown
[2020.02.22-10.24.32:430][  0]LogRHI: Texture pool is 1388 MB (70% of 1983 MB)
[2020.02.22-10.24.32:466][  0]LogD3D11RHI: RHI has support for 64 bit atomics
[2020.02.22-10.24.32:466][  0]LogD3D11RHI: Async texture creation enabled
[2020.02.22-10.24.32:480][  0]LogD3D11RHI: GPU Timing Frequency: 1000.000000 (Debug: 2 2)
[2020.02.22-10.24.32:687][  0]LogTargetPlatformManager: Display: Loaded TargetPlatform 'AllDesktop'
[2020.02.22-10.24.32:711][  0]LogTargetPlatformManager: Display: Loaded TargetPlatform 'Android'
[2020.02.22-10.24.32:711][  0]LogTargetPlatformManager: Display: Loaded TargetPlatform 'Android_ASTC'
[2020.02.22-10.24.32:711][  0]LogTargetPlatformManager: Display: Loaded TargetPlatform 'Android_ATC'
[2020.02.22-10.24.32:711][  0]LogTargetPlatformManager: Display: Loaded TargetPlatform 'Android_DXT'
[2020.02.22-10.24.32:711][  0]LogTargetPlatformManager: Display: Loaded TargetPlatform 'Android_ETC1'
[2020.02.22-10.24.32:711][  0]LogTargetPlatformManager: Display: Loaded TargetPlatform 'Android_ETC1a'
[2020.02.22-10.24.32:711][  0]LogTargetPlatformManager: Display: Loaded TargetPlatform 'Android_ETC2'
[2020.02.22-10.24.32:711][  0]LogTargetPlatformManager: Display: Loaded TargetPlatform 'Android_PVRTC'
[2020.02.22-10.24.32:711][  0]LogTargetPlatformManager: Display: Loaded TargetPlatform 'AndroidClient'
[2020.02.22-10.24.32:711][  0]LogTargetPlatformManager: Display: Loaded TargetPlatform 'Android_ASTCClient'
[2020.02.22-10.24.32:711][  0]LogTargetPlatformManager: Display: Loaded TargetPlatform 'Android_ATCClient'
[2020.02.22-10.24.32:711][  0]LogTargetPlatformManager: Display: Loaded TargetPlatform 'Android_DXTClient'
[2020.02.22-10.24.32:711][  0]LogTargetPlatformManager: Display: Loaded TargetPlatform 'Android_ETC1Client'
[2020.02.22-10.24.32:711][  0]LogTargetPlatformManager: Display: Loaded TargetPlatform 'Android_ETC1aClient'
[2020.02.22-10.24.32:711][  0]LogTargetPlatformManager: Display: Loaded TargetPlatform 'Android_ETC2Client'
[2020.02.22-10.24.32:711][  0]LogTargetPlatformManager: Display: Loaded TargetPlatform 'Android_PVRTCClient'
[2020.02.22-10.24.32:711][  0]LogTargetPlatformManager: Display: Loaded TargetPlatform 'Android_Multi'
[2020.02.22-10.24.32:711][  0]LogTargetPlatformManager: Display: Loaded TargetPlatform 'Android_MultiClient'
[2020.02.22-10.24.32:727][  0]LogTargetPlatformManager: Display: Loaded TargetPlatform 'IOSClient'
[2020.02.22-10.24.32:727][  0]LogTargetPlatformManager: Display: Loaded TargetPlatform 'IOS'
[2020.02.22-10.24.32:732][  0]LogTargetPlatformManager: Display: Loaded TargetPlatform 'LinuxNoEditor'
[2020.02.22-10.24.32:738][  0]LogTargetPlatformManager: Display: Loaded TargetPlatform 'LinuxClient'
[2020.02.22-10.24.32:744][  0]LogTargetPlatformManager: Display: Loaded TargetPlatform 'LinuxServer'
[2020.02.22-10.24.32:749][  0]LogTargetPlatformManager: Display: Loaded TargetPlatform 'LinuxAArch64NoEditor'
[2020.02.22-10.24.32:755][  0]LogTargetPlatformManager: Display: Loaded TargetPlatform 'LinuxAArch64Client'
[2020.02.22-10.24.32:761][  0]LogTargetPlatformManager: Display: Loaded TargetPlatform 'LinuxAArch64Server'
[2020.02.22-10.24.32:779][  0]LogTargetPlatformManager: Display: Loaded TargetPlatform 'Lumin'
[2020.02.22-10.24.32:779][  0]LogTargetPlatformManager: Display: Loaded TargetPlatform 'LuminClient'
[2020.02.22-10.24.32:790][  0]LogTargetPlatformManager: Display: Loaded TargetPlatform 'TVOSClient'
[2020.02.22-10.24.32:790][  0]LogTargetPlatformManager: Display: Loaded TargetPlatform 'TVOS'
[2020.02.22-10.24.32:796][  0]LogTargetPlatformManager: Display: Loaded TargetPlatform 'WindowsNoEditor'
[2020.02.22-10.24.32:802][  0]LogTargetPlatformManager: Display: Loaded TargetPlatform 'Windows'
[2020.02.22-10.24.32:807][  0]LogTargetPlatformManager: Display: Loaded TargetPlatform 'WindowsClient'
[2020.02.22-10.24.32:813][  0]LogTargetPlatformManager: Display: Loaded TargetPlatform 'WindowsServer'
[2020.02.22-10.24.32:813][  0]LogTargetPlatformManager: Display: Building Assets For Windows
[2020.02.22-10.24.32:815][  0]LogAudioDebug: Display: Lib vorbis DLL was dynamically loaded.
[2020.02.22-10.24.32:834][  0]LogShaderCompilers: Guid format shader working directory is -23 characters bigger than the processId version (../../../../../../Users/tarek/Documents/GitHub/AnotherOne/AnotherOne/Intermediate/Shaders/WorkingDirectory/18112/).
[2020.02.22-10.24.32:834][  0]LogShaderCompilers: Cleaned the shader compiler working directory 'C:/Users/tarek/AppData/Local/Temp/UnrealShaderWorkingDir/B11FF33F4C69EE1077AA359F8174A894/'.
[2020.02.22-10.24.32:834][  0]LogXGEController: Cleaning working directory: C:/Users/tarek/AppData/Local/Temp/UnrealXGEWorkingDir/
[2020.02.22-10.24.32:835][  0]LogXGEController: Cannot use XGE Controller as Incredibuild is not installed on this machine.
[2020.02.22-10.24.32:835][  0]LogShaderCompilers: Cannot use XGE Shader Compiler as Incredibuild is not installed on this machine.
[2020.02.22-10.24.32:835][  0]LogShaderCompilers: Display: Using Local Shader Compiler.
[2020.02.22-10.24.33:410][  0]LogDerivedDataCache: Display: Max Cache Size: 512 MB
[2020.02.22-10.24.33:453][  0]LogDerivedDataCache: Loaded boot cache 0.04s 78MB C:/Users/tarek/AppData/Local/UnrealEngine/4.24/DerivedDataCache/Boot.ddc.
[2020.02.22-10.24.33:453][  0]LogDerivedDataCache: Display: Loaded Boot cache: C:/Users/tarek/AppData/Local/UnrealEngine/4.24/DerivedDataCache/Boot.ddc
[2020.02.22-10.24.33:453][  0]LogDerivedDataCache: FDerivedDataBackendGraph:  Pak pak cache file ../../../../../../Users/tarek/Documents/GitHub/AnotherOne/AnotherOne/DerivedDataCache/DDC.ddp not found, will not use a pak cache.
[2020.02.22-10.24.33:453][  0]LogDerivedDataCache: Unable to find inner node Pak for hierarchical cache Hierarchy.
[2020.02.22-10.24.33:453][  0]LogDerivedDataCache: FDerivedDataBackendGraph:  CompressedPak pak cache file ../../../../../../Users/tarek/Documents/GitHub/AnotherOne/AnotherOne/DerivedDataCache/Compressed.ddp not found, will not use a pak cache.
[2020.02.22-10.24.33:453][  0]LogDerivedDataCache: Unable to find inner node CompressedPak for hierarchical cache Hierarchy.
[2020.02.22-10.24.33:461][  0]LogDerivedDataCache: Display: Pak cache opened for reading ../../../Engine/DerivedDataCache/Compressed.ddp.
[2020.02.22-10.24.33:461][  0]LogDerivedDataCache: FDerivedDataBackendGraph:  EnterprisePak pak cache file ../../../Enterprise/DerivedDataCache/Compressed.ddp not found, will not use a pak cache.
[2020.02.22-10.24.33:461][  0]LogDerivedDataCache: Unable to find inner node EnterprisePak for hierarchical cache Hierarchy.
[2020.02.22-10.24.33:464][  0]LogDerivedDataCache: Using Local data cache path C:/Users/tarek/AppData/Local/UnrealEngine/Common/DerivedDataCache: Writable
[2020.02.22-10.24.33:464][  0]LogDerivedDataCache: Shared data cache path not found in *engine.ini, will not use an Shared cache.
[2020.02.22-10.24.33:464][  0]LogDerivedDataCache: Unable to find inner node Shared for hierarchical cache Hierarchy.
[2020.02.22-10.24.33:483][  0]LogMaterial: Verifying Global Shaders for PCD3D_SM5
[2020.02.22-10.24.33:485][  0]LogSlate: Using FreeType 2.10.0
[2020.02.22-10.24.33:485][  0]LogSlate: SlateFontServices - WITH_FREETYPE: 1, WITH_HARFBUZZ: 1
[2020.02.22-10.24.33:527][  0]LogAssetRegistry: FAssetRegistry took 0.0022 seconds to start up
[2020.02.22-10.24.33:751][  0]LogInit: Selected Device Profile: [Windows]
[2020.02.22-10.24.33:873][  0]LogMeshReduction: Using QuadricMeshReduction for automatic static mesh reduction
[2020.02.22-10.24.33:873][  0]LogMeshReduction: Using SimplygonMeshReduction for automatic skeletal mesh reduction
[2020.02.22-10.24.33:873][  0]LogMeshReduction: Using ProxyLODMeshReduction for automatic mesh merging
[2020.02.22-10.24.33:873][  0]LogMeshReduction: No distributed automatic mesh merging module available
[2020.02.22-10.24.33:873][  0]LogMeshMerging: No distributed automatic mesh merging module available
[2020.02.22-10.24.33:883][  0]LogNetVersion: AnotherOne 1.0.0, NetCL: 10570792, EngineNetVer: 13, GameNetVer: 0 (Checksum: 1511380667)
[2020.02.22-10.24.34:671][  0]LogPackageLocalizationCache: Processed 10 localized package path(s) for 1 prioritized culture(s) in 0.033626 seconds
[2020.02.22-10.24.34:677][  0]LogUObjectArray: 46750 objects as part of root set at end of initial load.
[2020.02.22-10.24.34:677][  0]LogUObjectAllocator: 8137160 out of 0 bytes used by permanent object pool.
[2020.02.22-10.24.34:677][  0]LogUObjectArray: CloseDisregardForGC: 0/0 objects in disregard for GC pool
[2020.02.22-10.24.34:977][  0]LogTcpMessaging: Initializing TcpMessaging bridge
[2020.02.22-10.24.34:979][  0]LogUdpMessaging: Initializing bridge on interface 0.0.0.0:0 to multicast group 230.0.0.1:6666.
[2020.02.22-10.24.35:016][  0]SourceControl: Source control is disabled
[2020.02.22-10.24.35:016][  0]SourceControl: Source control is disabled
[2020.02.22-10.24.35:017][  0]SourceControl: Source control is disabled
[2020.02.22-10.24.35:018][  0]SourceControl: Source control is disabled
[2020.02.22-10.24.35:018][  0]SourceControl: Source control is disabled
[2020.02.22-10.24.35:076][  0]LogAndroidPermission: UAndroidPermissionCallbackProxy::GetInstance
[2020.02.22-10.24.35:084][  0]LogAudioCaptureCore: Display: No Audio Capture implementations found. Audio input will be silent.
[2020.02.22-10.24.35:084][  0]LogAudioCaptureCore: Display: No Audio Capture implementations found. Audio input will be silent.
[2020.02.22-10.24.35:148][  0]LogOcInput: OculusInput pre-init called
[2020.02.22-10.24.35:153][  0]LogWindows: Failed to load 'OVRPlugin.dll' (GetLastError=126)
[2020.02.22-10.24.35:153][  0]LogWindows: File 'OVRPlugin.dll' does not exist
[2020.02.22-10.24.35:207][  0]LogEngine: Initializing Engine...
[2020.02.22-10.24.35:207][  0]LogHMD: Failed to initialize OpenVR with code 110
[2020.02.22-10.24.35:208][  0]LogStats: UGameplayTagsManager::InitializeManager -  0.000 s
[2020.02.22-10.24.35:474][  0]LogInit: Initializing FReadOnlyCVARCache
[2020.02.22-10.24.35:480][  0]LogAIModule: Creating AISystem for world Untitled
[2020.02.22-10.24.35:493][  0]LogAudioMixer: Display: Audio Mixer Platform Settings:
[2020.02.22-10.24.35:493][  0]LogAudioMixer: Display: 	Sample Rate:						  48000
[2020.02.22-10.24.35:493][  0]LogAudioMixer: Display: 	Callback Buffer Frame Size Requested: 1024
[2020.02.22-10.24.35:493][  0]LogAudioMixer: Display: 	Callback Buffer Frame Size To Use:	  1024
[2020.02.22-10.24.35:493][  0]LogAudioMixer: Display: 	Number of buffers to queue:			  2
[2020.02.22-10.24.35:493][  0]LogAudioMixer: Display: 	Max Channels (voices):				  32
[2020.02.22-10.24.35:493][  0]LogAudioMixer: Display: 	Number of Async Source Workers:		  0
[2020.02.22-10.24.35:493][  0]LogAudio: Display: AudioDevice MaxSources: 32
[2020.02.22-10.24.35:493][  0]LogAudio: Display: Using built-in audio occlusion.
[2020.02.22-10.24.35:493][  0]LogAudioMixer: Display: Initializing audio mixer.
[2020.02.22-10.24.35:541][  0]LogAudioMixer: Display: Audio Device Output Speaker Info:
[2020.02.22-10.24.35:541][  0]LogAudioMixer: Display: Name: MSI G24C4 (Intel(R) Display Audio)
[2020.02.22-10.24.35:541][  0]LogAudioMixer: Display: Is Default: Yes
[2020.02.22-10.24.35:541][  0]LogAudioMixer: Display: Sample Rate: 48000
[2020.02.22-10.24.35:541][  0]LogAudioMixer: Display: Channel Count Used: 2
[2020.02.22-10.24.35:541][  0]LogAudioMixer: Display: Device Channel Count: 2
[2020.02.22-10.24.35:541][  0]LogAudioMixer: Display: Channel Order:
[2020.02.22-10.24.35:541][  0]LogAudioMixer: Display: 0: FrontLeft
[2020.02.22-10.24.35:541][  0]LogAudioMixer: Display: 1: FrontRight
[2020.02.22-10.24.35:558][  0]LogAudioMixer: Display: Using Audio Device MSI G24C4 (Intel(R) Display Audio)
[2020.02.22-10.24.35:561][  0]LogInit: FAudioDevice initialized.
[2020.02.22-10.24.35:561][  0]LogNetVersion: Set ProjectVersion to 1.0.0.0. Version Checksum will be recalculated on next use.
[2020.02.22-10.24.35:597][  0]LogDerivedDataCache: Saved boot cache 0.04s 78MB C:/Users/tarek/AppData/Local/UnrealEngine/4.24/DerivedDataCache/Boot.ddc.
[2020.02.22-10.24.35:598][  0]LogInit: Texture streaming: Enabled
[2020.02.22-10.24.35:605][  0]LogEngineSessionManager: EngineSessionManager initialized
[2020.02.22-10.24.35:605][  0]LogEditorSessionSummary: Verbose: Initializing EditorSessionSummaryWriter for editor session tracking
[2020.02.22-10.24.35:607][  0]LogEditorSessionSummary: EditorSessionSummaryWriter initialized
[2020.02.22-10.24.35:640][  0]LogInit: Transaction tracking system initialized
[2020.02.22-10.24.35:647][  0]BlueprintLog: New page: Editor Load
[2020.02.22-10.24.35:670][  0]LocalizationService: Localization service is disabled
[2020.02.22-10.24.35:903][  0]LogFileCache: Scanning file cache for directory 'C:/Users/tarek/Documents/GitHub/AnotherOne/AnotherOne/Content/' took 0.00s
[2020.02.22-10.24.35:903][  0]LogCook: Display: Max memory allowance for cook 16384mb min free memory 0mb
[2020.02.22-10.24.35:903][  0]LogCook: Display: Mobile HDR setting 1
[2020.02.22-10.24.36:420][  0]SourceControl: Source control is disabled
[2020.02.22-10.24.36:420][  0]Cmd: MAP LOAD FILE="../../../../../../Users/tarek/Documents/GitHub/AnotherOne/AnotherOne/Content/ThirdPersonBP/Maps/ThirdPersonExampleMap.umap" TEMPLATE=0 SHOWPROGRESS=1 FEATURELEVEL=3
[2020.02.22-10.24.36:423][  0]LightingResults: New page: Lighting Build
[2020.02.22-10.24.36:423][  0]LogWorld: UWorld::CleanupWorld for Untitled, bSessionEnded=true, bCleanupResources=true
[2020.02.22-10.24.36:423][  0]LogSlate: InvalidateAllWidgets triggered.  All widgets were invalidated
[2020.02.22-10.24.36:423][  0]MapCheck: New page: Map Check
[2020.02.22-10.24.36:423][  0]LightingResults: New page: Lighting Build
[2020.02.22-10.24.36:445][  0]LogUObjectHash: Compacting FUObjectHashTables data took   1.65ms
[2020.02.22-10.24.36:643][  0]LogAIModule: Creating AISystem for world ThirdPersonExampleMap
[2020.02.22-10.24.36:649][  0]LogEditorServer: Finished looking for orphan Actors (0.000 secs)
[2020.02.22-10.24.36:672][  0]LogUObjectHash: Compacting FUObjectHashTables data took   1.80ms
[2020.02.22-10.24.36:672][  0]Cmd: MAP CHECKDEP NOCLEARLOG
[2020.02.22-10.24.36:672][  0]MapCheck: Map check complete: 0 Error(s), 0 Warning(s), took 0,14ms to complete.
[2020.02.22-10.24.36:672][  0]LogFileHelpers: Loading map 'ThirdPersonExampleMap' took 0.252
[2020.02.22-10.24.36:790][  0]LogSlate: Updating window title bar state: overlay mode, drag disabled, window buttons hidden, title bar hidden
[2020.02.22-10.24.36:794][  0]LogSlate: Updating window title bar state: overlay mode, drag disabled, window buttons hidden, title bar hidden
[2020.02.22-10.24.36:799][  0]LogSlate: Updating window title bar state: overlay mode, drag disabled, window buttons hidden, title bar hidden
[2020.02.22-10.24.36:804][  0]LogSlate: Updating window title bar state: overlay mode, drag disabled, window buttons hidden, title bar hidden
[2020.02.22-10.24.36:808][  0]LogCollectionManager: Loaded 0 collections in 0.001073 seconds
[2020.02.22-10.24.36:823][  0]LogFileCache: Scanning file cache for directory 'C:/Users/tarek/Documents/GitHub/AnotherOne/AnotherOne/Saved/Collections/' took 0.00s
[2020.02.22-10.24.36:823][  0]LogFileCache: Scanning file cache for directory 'C:/Users/tarek/Documents/GitHub/AnotherOne/AnotherOne/Content/Developers/tarek/Collections/' took 0.00s
[2020.02.22-10.24.36:823][  0]LogFileCache: Scanning file cache for directory 'C:/Users/tarek/Documents/GitHub/AnotherOne/AnotherOne/Content/Collections/' took 0.00s
[2020.02.22-10.24.36:823][  0]LogContentBrowser: Native class hierarchy populated in 0.0064 seconds. Added 3015 classes and 717 folders.
[2020.02.22-10.24.36:825][  0]LogContentBrowser: Native class hierarchy updated for 'WidgetCarousel' in 0.0002 seconds. Added 0 classes and 0 folders.
[2020.02.22-10.24.36:860][  0]LogContentBrowser: Native class hierarchy updated for 'AddContentDialog' in 0.0002 seconds. Added 0 classes and 0 folders.
[2020.02.22-10.24.36:862][  0]LogContentBrowser: Native class hierarchy updated for 'SceneOutliner' in 0.0002 seconds. Added 2 classes and 3 folders.
[2020.02.22-10.24.36:965][  0]LogSlate: Took 0.000143 seconds to synchronously load lazily loaded font '../../../Engine/Content/Slate/Fonts/Roboto-Regular.ttf' (155K)
[2020.02.22-10.24.36:967][  0]LogSlate: Took 0.000129 seconds to synchronously load lazily loaded font '../../../Engine/Content/Slate/Fonts/Roboto-Bold.ttf' (160K)
[2020.02.22-10.24.36:971][  0]LogSlate: Took 0.000178 seconds to synchronously load lazily loaded font '../../../Engine/Content/Editor/Slate/Fonts/FontAwesome.ttf' (139K)
[2020.02.22-10.24.37:025][  0]LogRenderer: Reallocating scene render targets to support 820x432 Format 10 NumSamples 1 (Frame:1).
[2020.02.22-10.24.37:097][  0]LogContentBrowser: Native class hierarchy updated for 'HierarchicalLODOutliner' in 0.0002 seconds. Added 0 classes and 0 folders.
[2020.02.22-10.24.37:098][  0]LogLoad: (Engine Initialization) Total time: 6.86 seconds
[2020.02.22-10.24.37:098][  0]LogLoad: (Engine Initialization) Total Blueprint compile time: 0.00 seconds
[2020.02.22-10.24.37:143][  0]LogAssetRegistry: Asset discovery search completed in 3.6166 seconds
[2020.02.22-10.24.37:146][  0]LogCollectionManager: Fixed up redirectors for 0 collections in 0.000006 seconds (updated 0 objects)
[2020.02.22-10.24.37:148][  0]LogContentStreaming: Texture pool size now 1000 MB
[2020.02.22-10.24.37:167][  0]LogSlate: Took 0.000159 seconds to synchronously load lazily loaded font '../../../Engine/Content/Slate/Fonts/Roboto-Light.ttf' (167K)
[2020.02.22-10.24.37:171][  1]LogFileCache: Retrieving MD5 hashes for directory 'C:/Users/tarek/Documents/GitHub/AnotherOne/AnotherOne/Content/' took 0.06s
[2020.02.22-10.24.40:124][310]LogSlate: Took 0.000188 seconds to synchronously load lazily loaded font '../../../Engine/Content/Slate/Fonts/Roboto-Light.ttf' (167K)
[2020.02.22-10.24.50:892][529]AssetReimport: New page: Outstanding source content changes 12:24:50
[2020.02.22-10.24.50:897][529]LogFactory: FactoryCreateFile: StaticMesh with FbxFactory (0 0 C:/Users/tarek/Documents/GitHub/AnotherOne/AnotherOne/Content/LowPolyAssets/Fence2_big.fbx)
[2020.02.22-10.24.50:915][529]LogFbx: Loading FBX Scene from C:/Users/tarek/Documents/GitHub/AnotherOne/AnotherOne/Content/LowPolyAssets/Fence2_big.fbx
[2020.02.22-10.24.50:924][529]LogFbx: FBX Scene Loaded Succesfully
[2020.02.22-10.24.53:200][529]LogSlate: Window 'FBX Import Options' being destroyed
[2020.02.22-10.24.53:261][529]LogUObjectHash: Compacting FUObjectHashTables data took   1.27ms
[2020.02.22-10.24.53:280][529]LogUObjectHash: Compacting FUObjectHashTables data took   0.75ms
[2020.02.22-10.24.53:289][530]LoadErrors: Failed to load /Game/LowPoly_Assets/Meshes/matLowPoly.matLowPoly Referenced by big_tree
[2020.02.22-10.24.53:291][530]LogEditorFactories: Performing atomic reimport of [C:/Users/tarek/Documents/GitHub/AnotherOne/AnotherOne/Content/LowPolyAssets/big_tree.fbx]
[2020.02.22-10.24.53:298][530]LogFbx: Loading FBX Scene from C:/Users/tarek/Documents/GitHub/AnotherOne/AnotherOne/Content/LowPolyAssets/big_tree.fbx
[2020.02.22-10.24.53:305][530]LogFbx: FBX Scene Loaded Succesfully
[2020.02.22-10.24.53:321][530]LoadErrors: Failed to load /Game/LowPoly_Assets/Meshes/lowpoly_tex.lowpoly_tex Referenced by MaterialExpressionTextureSample_0
[2020.02.22-10.24.53:342][530]LogStaticMesh: Building static mesh big_tree...
[2020.02.22-10.24.53:385][530]LogStaticMesh: Built static mesh [0.04s] /Game/LowPolyAssets/big_tree.big_tree
[2020.02.22-10.24.53:392][530]LogEditorFactories: -- imported successfully
[2020.02.22-10.24.53:437][531]LoadErrors: Failed to load /Game/LowPoly_Assets/Meshes/matLowPoly.matLowPoly Referenced by Bridge
[2020.02.22-10.24.53:447][531]LogStaticMesh: Building static mesh Bridge...
[2020.02.22-10.24.53:491][531]LogStaticMesh: Built static mesh [0.04s] /Game/LowPolyAssets/Bridge.Bridge
[2020.02.22-10.24.53:496][531]LogEditorFactories: Performing atomic reimport of [C:/Users/tarek/Documents/GitHub/AnotherOne/AnotherOne/Content/LowPolyAssets/Bridge.fbx]
[2020.02.22-10.24.53:502][531]LogFbx: Loading FBX Scene from C:/Users/tarek/Documents/GitHub/AnotherOne/AnotherOne/Content/LowPolyAssets/Bridge.fbx
[2020.02.22-10.24.53:509][531]LogFbx: FBX Scene Loaded Succesfully
[2020.02.22-10.24.53:562][531]LogStaticMesh: Building static mesh Bridge...
[2020.02.22-10.24.53:594][531]LogStaticMesh: Built static mesh [0.03s] /Game/LowPolyAssets/Bridge.Bridge
[2020.02.22-10.24.53:603][531]LogEditorFactories: -- imported successfully
[2020.02.22-10.24.53:634][532]LoadErrors: Failed to load /Game/LowPoly_Assets/Meshes/matLowPoly.matLowPoly Referenced by dead_tree
[2020.02.22-10.24.53:635][532]LogEditorFactories: Performing atomic reimport of [C:/Users/tarek/Documents/GitHub/AnotherOne/AnotherOne/Content/LowPolyAssets/dead_tree.fbx]
[2020.02.22-10.24.53:641][532]LogFbx: Loading FBX Scene from C:/Users/tarek/Documents/GitHub/AnotherOne/AnotherOne/Content/LowPolyAssets/dead_tree.fbx
[2020.02.22-10.24.53:647][532]LogFbx: FBX Scene Loaded Succesfully
[2020.02.22-10.24.53:657][532]LogStaticMesh: Building static mesh dead_tree...
[2020.02.22-10.24.53:666][532]LogStaticMesh: Built static mesh [0.01s] /Game/LowPolyAssets/dead_tree.dead_tree
[2020.02.22-10.24.53:670][532]LogEditorFactories: -- imported successfully
[2020.02.22-10.24.53:781][533]Cmd: OBJ SAVEPACKAGE PACKAGE="/Game/LowPolyAssets/big_tree" FILE="../../../../../../Users/tarek/Documents/GitHub/AnotherOne/AnotherOne/Content/LowPolyAssets/big_tree.uasset" SILENT=true
[2020.02.22-10.24.53:797][533]LogSavePackage: Moving '../../../../../../Users/tarek/Documents/GitHub/AnotherOne/AnotherOne/Saved/big_treeFDD3DD454F65A3802DD84E9A3A8D3406.tmp' to '../../../../../../Users/tarek/Documents/GitHub/AnotherOne/AnotherOne/Content/LowPolyAssets/big_tree.uasset'
[2020.02.22-10.24.53:809][533]Cmd: OBJ SAVEPACKAGE PACKAGE="/Game/LowPolyAssets/Bridge" FILE="../../../../../../Users/tarek/Documents/GitHub/AnotherOne/AnotherOne/Content/LowPolyAssets/Bridge.uasset" SILENT=true
[2020.02.22-10.24.53:824][533]LogSavePackage: Moving '../../../../../../Users/tarek/Documents/GitHub/AnotherOne/AnotherOne/Saved/Bridge7CF3BEDC4E88444812A9EAAA6942ABE7.tmp' to '../../../../../../Users/tarek/Documents/GitHub/AnotherOne/AnotherOne/Content/LowPolyAssets/Bridge.uasset'
[2020.02.22-10.24.53:837][533]Cmd: OBJ SAVEPACKAGE PACKAGE="/Game/LowPolyAssets/dead_tree" FILE="../../../../../../Users/tarek/Documents/GitHub/AnotherOne/AnotherOne/Content/LowPolyAssets/dead_tree.uasset" SILENT=true
[2020.02.22-10.24.53:849][533]LogSavePackage: Moving '../../../../../../Users/tarek/Documents/GitHub/AnotherOne/AnotherOne/Saved/dead_tree544CCF2C4FB1A8EF8DE3A083927F863C.tmp' to '../../../../../../Users/tarek/Documents/GitHub/AnotherOne/AnotherOne/Content/LowPolyAssets/dead_tree.uasset'
[2020.02.22-10.24.53:872][534]AssetCheck: New page: Asset Save: multiple assets
[2020.02.22-10.24.53:873][534]LogContentValidation: Display: Validating StaticMesh /Game/LowPolyAssets/big_tree.big_tree
[2020.02.22-10.24.53:873][534]LogContentValidation: Display: Validating StaticMesh /Game/LowPolyAssets/Bridge.Bridge
[2020.02.22-10.24.53:873][534]LogContentValidation: Display: Validating StaticMesh /Game/LowPolyAssets/dead_tree.dead_tree
[2020.02.22-10.24.56:867][890]AssetReimport: Importing new asset /Game/LowPolyAssets/Fence2_big.
[2020.02.22-10.24.56:867][890]AssetReimport: Failed to import file C:/Users/tarek/Documents/GitHub/AnotherOne/AnotherOne/Content/LowPolyAssets/Fence2_big.fbx.
[2020.02.22-10.24.56:867][890]AssetReimport: Reimported asset big_tree from C:/Users/tarek/Documents/GitHub/AnotherOne/AnotherOne/Content/LowPolyAssets/big_tree.fbx.
[2020.02.22-10.24.56:867][890]AssetReimport: Reimported asset Bridge from C:/Users/tarek/Documents/GitHub/AnotherOne/AnotherOne/Content/LowPolyAssets/Bridge.fbx.
[2020.02.22-10.24.56:867][890]AssetReimport: Reimported asset dead_tree from C:/Users/tarek/Documents/GitHub/AnotherOne/AnotherOne/Content/LowPolyAssets/dead_tree.fbx.
[2020.02.22-10.25.10:217][431]LogEditorViewport: Clicking on Actor (LMB): StaticMeshActor (LeftArm_StaticMesh)
[2020.02.22-10.25.11:214][536]LogTemp: Repeating last play command: Selected Viewport
[2020.02.22-10.25.11:219][536]LogBlueprintUserMessages: Early PlayInEditor Detection: Level '/Game/ThirdPersonBP/Maps/ThirdPersonExampleMap.ThirdPersonExampleMap:PersistentLevel' has LevelScriptBlueprint '/Game/ThirdPersonBP/Maps/ThirdPersonExampleMap.ThirdPersonExampleMap:PersistentLevel.ThirdPersonExampleMap' with GeneratedClass '/Game/ThirdPersonBP/Maps/ThirdPersonExampleMap.ThirdPersonExampleMap_C' with ClassGeneratedBy '/Game/ThirdPersonBP/Maps/ThirdPersonExampleMap.ThirdPersonExampleMap:PersistentLevel.ThirdPersonExampleMap'
[2020.02.22-10.25.11:219][536]LogPlayLevel: PlayLevel: No blueprints needed recompiling
[2020.02.22-10.25.11:219][536]PIE: New page: PIE session: ThirdPersonExampleMap (22 févr. 2020 à 12:25:11)
[2020.02.22-10.25.11:220][536]LogOnline: OSS: Creating online subsystem instance for: NULL
[2020.02.22-10.25.11:221][536]LogOnline: OSS: TryLoadSubsystemAndSetDefault: Loaded subsystem for module [NULL]
[2020.02.22-10.25.11:221][536]LogPlayLevel: Creating play world package: /Game/ThirdPersonBP/Maps/UEDPIE_0_ThirdPersonExampleMap
[2020.02.22-10.25.11:235][536]LogPlayLevel: PIE: StaticDuplicateObject took: (0.014648s)
[2020.02.22-10.25.11:237][536]LogAIModule: Creating AISystem for world ThirdPersonExampleMap
[2020.02.22-10.25.11:237][536]LogPlayLevel: PIE: World Init took: (0.001294s)
[2020.02.22-10.25.11:237][536]LogPlayLevel: PIE: Created PIE world by copying editor world from /Game/ThirdPersonBP/Maps/ThirdPersonExampleMap.ThirdPersonExampleMap to /Game/ThirdPersonBP/Maps/UEDPIE_0_ThirdPersonExampleMap.ThirdPersonExampleMap (0.016210s)
[2020.02.22-10.25.11:257][536]LogUObjectHash: Compacting FUObjectHashTables data took   1.35ms
[2020.02.22-10.25.11:258][536]LogAudioMixer: Display: Audio Mixer Platform Settings:
[2020.02.22-10.25.11:258][536]LogAudioMixer: Display: 	Sample Rate:						  48000
[2020.02.22-10.25.11:258][536]LogAudioMixer: Display: 	Callback Buffer Frame Size Requested: 1024
[2020.02.22-10.25.11:258][536]LogAudioMixer: Display: 	Callback Buffer Frame Size To Use:	  1024
[2020.02.22-10.25.11:258][536]LogAudioMixer: Display: 	Number of buffers to queue:			  2
[2020.02.22-10.25.11:258][536]LogAudioMixer: Display: 	Max Channels (voices):				  32
[2020.02.22-10.25.11:258][536]LogAudioMixer: Display: 	Number of Async Source Workers:		  0
[2020.02.22-10.25.11:258][536]LogAudio: Display: AudioDevice MaxSources: 32
[2020.02.22-10.25.11:259][536]LogAudio: Display: Using built-in audio occlusion.
[2020.02.22-10.25.11:259][536]LogAudioMixer: Display: Initializing audio mixer.
[2020.02.22-10.25.11:264][536]LogAudioMixer: Display: Audio Device Output Speaker Info:
[2020.02.22-10.25.11:264][536]LogAudioMixer: Display: Name: MSI G24C4 (Intel(R) Display Audio)
[2020.02.22-10.25.11:264][536]LogAudioMixer: Display: Is Default: Yes
[2020.02.22-10.25.11:264][536]LogAudioMixer: Display: Sample Rate: 48000
[2020.02.22-10.25.11:264][536]LogAudioMixer: Display: Channel Count Used: 2
[2020.02.22-10.25.11:264][536]LogAudioMixer: Display: Device Channel Count: 2
[2020.02.22-10.25.11:264][536]LogAudioMixer: Display: Channel Order:
[2020.02.22-10.25.11:264][536]LogAudioMixer: Display: 0: FrontLeft
[2020.02.22-10.25.11:264][536]LogAudioMixer: Display: 1: FrontRight
[2020.02.22-10.25.11:269][536]LogAudioMixer: Display: Using Audio Device MSI G24C4 (Intel(R) Display Audio)
[2020.02.22-10.25.11:271][536]LogInit: FAudioDevice initialized.
[2020.02.22-10.25.11:281][536]LogLoad: Game class is 'ThirdPersonGameMode_C'
[2020.02.22-10.25.11:283][536]LogWorld: Bringing World /Game/ThirdPersonBP/Maps/UEDPIE_0_ThirdPersonExampleMap.ThirdPersonExampleMap up for play (max tick rate 0) at 2020.02.22-11.25.11
[2020.02.22-10.25.11:284][536]LogWorld: Bringing up level for play took: 0.001256
[2020.02.22-10.25.11:284][536]LogOnline: OSS: Creating online subsystem instance for: :Context_3
[2020.02.22-10.25.11:286][536]LogContentBrowser: Native class hierarchy updated for 'MovieSceneCapture' in 0.0003 seconds. Added 20 classes and 0 folders.
[2020.02.22-10.25.11:287][536]PIE: Play in editor start time for /Game/ThirdPersonBP/Maps/UEDPIE_0_ThirdPersonExampleMap -0,846
[2020.02.22-10.25.11:287][536]LogBlueprintUserMessages: Late PlayInEditor Detection: Level '/Game/ThirdPersonBP/Maps/ThirdPersonExampleMap.ThirdPersonExampleMap:PersistentLevel' has LevelScriptBlueprint '/Game/ThirdPersonBP/Maps/ThirdPersonExampleMap.ThirdPersonExampleMap:PersistentLevel.ThirdPersonExampleMap' with GeneratedClass '/Game/ThirdPersonBP/Maps/ThirdPersonExampleMap.ThirdPersonExampleMap_C' with ClassGeneratedBy '/Game/ThirdPersonBP/Maps/ThirdPersonExampleMap.ThirdPersonExampleMap:PersistentLevel.ThirdPersonExampleMap'
[2020.02.22-10.25.14:100][869]LogAudioMixer: Display: No commands were queued while flushing the source manager.
[2020.02.22-10.25.14:100][869]LogAudioMixer: Display: No commands were queued while flushing the source manager.
[2020.02.22-10.25.14:100][869]LogBlueprintUserMessages: Early EndPlayMap Detection: Level '/Game/ThirdPersonBP/Maps/ThirdPersonExampleMap.ThirdPersonExampleMap:PersistentLevel' has LevelScriptBlueprint '/Game/ThirdPersonBP/Maps/ThirdPersonExampleMap.ThirdPersonExampleMap:PersistentLevel.ThirdPersonExampleMap' with GeneratedClass '/Game/ThirdPersonBP/Maps/ThirdPersonExampleMap.ThirdPersonExampleMap_C' with ClassGeneratedBy '/Game/ThirdPersonBP/Maps/ThirdPersonExampleMap.ThirdPersonExampleMap:PersistentLevel.ThirdPersonExampleMap'
[2020.02.22-10.25.14:100][869]LogSlate: Updating window title bar state: overlay mode, drag disabled, window buttons hidden, title bar hidden
[2020.02.22-10.25.14:100][869]LogWorld: BeginTearingDown for /Game/ThirdPersonBP/Maps/UEDPIE_0_ThirdPersonExampleMap
[2020.02.22-10.25.14:100][869]LogAudioMixer: Display: No commands were queued while flushing the source manager.
[2020.02.22-10.25.14:100][869]LogWorld: UWorld::CleanupWorld for ThirdPersonExampleMap, bSessionEnded=true, bCleanupResources=true
[2020.02.22-10.25.14:100][869]LogSlate: InvalidateAllWidgets triggered.  All widgets were invalidated
[2020.02.22-10.25.14:111][869]LogPlayLevel: Display: Shutting down PIE online subsystems
[2020.02.22-10.25.14:111][869]LogBlueprintUserMessages: Late EndPlayMap Detection: Level '/Game/ThirdPersonBP/Maps/ThirdPersonExampleMap.ThirdPersonExampleMap:PersistentLevel' has LevelScriptBlueprint '/Game/ThirdPersonBP/Maps/ThirdPersonExampleMap.ThirdPersonExampleMap:PersistentLevel.ThirdPersonExampleMap' with GeneratedClass '/Game/ThirdPersonBP/Maps/ThirdPersonExampleMap.ThirdPersonExampleMap_C' with ClassGeneratedBy '/Game/ThirdPersonBP/Maps/ThirdPersonExampleMap.ThirdPersonExampleMap:PersistentLevel.ThirdPersonExampleMap'
[2020.02.22-10.25.14:115][869]LogSlate: InvalidateAllWidgets triggered.  All widgets were invalidated
[2020.02.22-10.25.14:131][869]LogAudioMixer: Display: No commands were queued while flushing the source manager.
[2020.02.22-10.25.14:134][869]LogSlate: Updating window title bar state: overlay mode, drag disabled, window buttons hidden, title bar hidden
[2020.02.22-10.25.14:136][869]LogUObjectHash: Compacting FUObjectHashTables data took   1.42ms
[2020.02.22-10.25.14:207][876]LogPlayLevel: Display: Destroying online subsystem :Context_3
[2020.02.22-10.25.38:451][328]LogSlate: Window 'Project Settings' being destroyed
[2020.02.22-10.25.38:466][328]LogSlate: Window 'Project Settings' being destroyed
[2020.02.22-10.26.52:570][291]LogSlate: Window 'Editor Preferences' being destroyed
[2020.02.22-10.26.52:587][291]LogSlate: Window 'Editor Preferences' being destroyed
[2020.02.22-10.26.53:909][411]LogEditorViewport: Clicking on Actor (LMB): StaticMeshActor (Floor)
[2020.02.22-10.26.53:997][417]LogEditorViewport: Clicking on Component (LMB): StaticMeshComponent (StaticMeshComponent0)
